2022-11-08 02:38:49.996 [info] Extension host with pid 21950 started
2022-11-08 02:38:49.996 [info] Skipping acquiring lock for /home/vd71/.config/Code - OSS/User/workspaceStorage/2fb42435ff1600a97bcb6c3d3e083a85.
2022-11-08 02:38:50.067 [info] ExtensionService#_doActivateExtension vscode.git-base, startup: true, activationEvent: '*'
2022-11-08 02:38:50.076 [info] ExtensionService#_doActivateExtension vscode.github, startup: true, activationEvent: '*'
2022-11-08 02:38:50.083 [info] Eager extensions activated
2022-11-08 02:38:50.085 [info] ExtensionService#_doActivateExtension vscode.debug-auto-launch, startup: false, activationEvent: 'onStartupFinished'
2022-11-08 02:38:50.085 [info] ExtensionService#_doActivateExtension vscode.emmet, startup: false, activationEvent: 'onStartupFinished'
2022-11-08 02:38:50.085 [info] ExtensionService#_doActivateExtension vscode.merge-conflict, startup: false, activationEvent: 'onStartupFinished'
2022-11-08 02:38:50.085 [info] ExtensionService#_doActivateExtension PKief.material-icon-theme, startup: false, activationEvent: 'onStartupFinished'
2022-11-08 02:38:50.716 [info] ExtensionService#_doActivateExtension vscode.git, startup: false, activationEvent: 'api', root cause: vscode.github
2022-11-08 02:38:51.694 [info] Extension host terminating: received terminate message from renderer
2022-11-08 02:38:51.701 [info] Extension host with pid 21950 exiting with code 0
2022-11-08 02:38:53.088 [info] Extension host with pid 22030 started
2022-11-08 02:38:53.088 [info] Skipping acquiring lock for /home/vd71/.config/Code - OSS/User/workspaceStorage/c4837c4ba154e48cd62a0ef165dbd82a.
2022-11-08 02:38:53.210 [info] ExtensionService#_doActivateExtension vscode.git-base, startup: true, activationEvent: '*', root cause: vscode.git
2022-11-08 02:38:53.239 [info] ExtensionService#_doActivateExtension vscode.git, startup: true, activationEvent: '*'
2022-11-08 02:38:53.240 [info] ExtensionService#_doActivateExtension vscode.github, startup: true, activationEvent: '*'
2022-11-08 02:38:53.319 [info] Eager extensions activated
2022-11-08 02:38:53.343 [info] ExtensionService#_doActivateExtension vscode.debug-auto-launch, startup: false, activationEvent: 'onStartupFinished'
2022-11-08 02:38:53.343 [info] ExtensionService#_doActivateExtension vscode.emmet, startup: false, activationEvent: 'onStartupFinished'
2022-11-08 02:38:53.343 [info] ExtensionService#_doActivateExtension vscode.merge-conflict, startup: false, activationEvent: 'onStartupFinished'
2022-11-08 02:38:53.343 [info] ExtensionService#_doActivateExtension PKief.material-icon-theme, startup: false, activationEvent: 'onStartupFinished'
2022-11-08 02:38:54.557 [info] Extension host terminating: received terminate message from renderer
2022-11-08 02:38:54.561 [info] Extension host with pid 22030 exiting with code 0
